<?xml version="1.0" encoding="UTF-8"?>
<coverage generated="1552651506571" clover="3.2.0">
  <project timestamp="1552651506571" name="All files">
    <metrics statements="12" coveredstatements="12" conditionals="0" coveredconditionals="0" methods="6" coveredmethods="6" elements="18" coveredelements="18" complexity="0" loc="12" ncloc="12" packages="2" files="3" classes="3"/>
    <package name="pages.movies">
      <metrics statements="8" coveredstatements="8" conditionals="0" coveredconditionals="0" methods="4" coveredmethods="4"/>
      <file name="MoviesPageModel.js" path="/home/pere.monfort/code/nuxt-hapi-scaffold/server/pages/movies/MoviesPageModel.js">
        <metrics statements="3" coveredstatements="3" conditionals="0" coveredconditionals="0" methods="2" coveredmethods="2"/>
        <line num="9" count="2" type="stmt"/>
        <line num="16" count="2" type="stmt"/>
        <line num="17" count="2" type="stmt"/>
      </file>
      <file name="MoviesPageRoute.js" path="/home/pere.monfort/code/nuxt-hapi-scaffold/server/pages/movies/MoviesPageRoute.js">
        <metrics statements="5" coveredstatements="5" conditionals="0" coveredconditionals="0" methods="2" coveredmethods="2"/>
        <line num="12" count="2" type="stmt"/>
        <line num="14" count="2" type="stmt"/>
        <line num="18" count="2" type="stmt"/>
        <line num="19" count="2" type="stmt"/>
        <line num="21" count="2" type="stmt"/>
      </file>
    </package>
    <package name="repositories">
      <metrics statements="4" coveredstatements="4" conditionals="0" coveredconditionals="0" methods="2" coveredmethods="2"/>
      <file name="MoviesRepository.js" path="/home/pere.monfort/code/nuxt-hapi-scaffold/server/repositories/MoviesRepository.js">
        <metrics statements="4" coveredstatements="4" conditionals="0" coveredconditionals="0" methods="2" coveredmethods="2"/>
        <line num="3" count="1" type="stmt"/>
        <line num="7" count="1" type="stmt"/>
        <line num="8" count="1" type="stmt"/>
        <line num="10" count="1" type="stmt"/>
      </file>
    </package>
  </project>
</coverage>
