{"/home/pere.monfort/code/nuxt-hapi-scaffold/server/pages/movies/MoviesPageModel.js": {"path":"/home/pere.monfort/code/nuxt-hapi-scaffold/server/pages/movies/MoviesPageModel.js","statementMap":{"0":{"start":{"line":9,"column":4},"end":{"line":9,"column":45}},"1":{"start":{"line":16,"column":17},"end":{"line":16,"column":60}},"2":{"start":{"line":17,"column":4},"end":{"line":17,"column":16}}},"fnMap":{"0":{"name":"(anonymous_0)","decl":{"start":{"line":8,"column":2},"end":{"line":8,"column":3}},"loc":{"start":{"line":8,"column":36},"end":{"line":10,"column":3}},"line":8},"1":{"name":"(anonymous_1)","decl":{"start":{"line":15,"column":2},"end":{"line":15,"column":3}},"loc":{"start":{"line":15,"column":24},"end":{"line":18,"column":3}},"line":15}},"branchMap":{},"s":{"0":2,"1":2,"2":2},"f":{"0":2,"1":2},"b":{},"_coverageSchema":"43e27e138ebf9cfc5966b082cf9a028302ed4184","hash":"991c2c23ea10d47bb7101aab011e2d1cb932becf"}
,"/home/pere.monfort/code/nuxt-hapi-scaffold/server/pages/movies/MoviesPageRoute.js": {"path":"/home/pere.monfort/code/nuxt-hapi-scaffold/server/pages/movies/MoviesPageRoute.js","statementMap":{"0":{"start":{"line":12,"column":22},"end":{"line":12,"column":29}},"1":{"start":{"line":14,"column":4},"end":{"line":29,"column":7}},"2":{"start":{"line":18,"column":27},"end":{"line":18,"column":40}},"3":{"start":{"line":19,"column":21},"end":{"line":19,"column":48}},"4":{"start":{"line":21,"column":8},"end":{"line":21,"column":32}}},"fnMap":{"0":{"name":"(anonymous_0)","decl":{"start":{"line":11,"column":2},"end":{"line":11,"column":3}},"loc":{"start":{"line":11,"column":28},"end":{"line":30,"column":3}},"line":11},"1":{"name":"(anonymous_1)","decl":{"start":{"line":17,"column":6},"end":{"line":17,"column":7}},"loc":{"start":{"line":17,"column":32},"end":{"line":22,"column":7}},"line":17}},"branchMap":{},"s":{"0":2,"1":2,"2":2,"3":2,"4":2},"f":{"0":2,"1":2},"b":{},"_coverageSchema":"43e27e138ebf9cfc5966b082cf9a028302ed4184","hash":"5fc03b3f1f0da56c4093bb18b020b866cd4a6ff9"}
,"/home/pere.monfort/code/nuxt-hapi-scaffold/server/repositories/MoviesRepository.js": {"path":"/home/pere.monfort/code/nuxt-hapi-scaffold/server/repositories/MoviesRepository.js","statementMap":{"0":{"start":{"line":3,"column":4},"end":{"line":3,"column":31}},"1":{"start":{"line":7,"column":16},"end":{"line":7,"column":91}},"2":{"start":{"line":8,"column":17},"end":{"line":8,"column":33}},"3":{"start":{"line":10,"column":4},"end":{"line":12,"column":6}}},"fnMap":{"0":{"name":"(anonymous_0)","decl":{"start":{"line":2,"column":2},"end":{"line":2,"column":3}},"loc":{"start":{"line":2,"column":29},"end":{"line":4,"column":3}},"line":2},"1":{"name":"(anonymous_1)","decl":{"start":{"line":6,"column":2},"end":{"line":6,"column":3}},"loc":{"start":{"line":6,"column":14},"end":{"line":13,"column":3}},"line":6}},"branchMap":{},"s":{"0":1,"1":1,"2":1,"3":1},"f":{"0":1,"1":1},"b":{},"_coverageSchema":"43e27e138ebf9cfc5966b082cf9a028302ed4184","hash":"fdb80c548e15961724abd28c6d2f0b5e9e684852"}
}
